2025-03-06 00:13:43.459 [info] 2025-03-05T18:13:42.668Z extension INFO  Activating extension... [
  {
    id: 'mongodb.mongodb-vscode',
    version: '1.12.0',
    mode: 'Production',
    kind: 'UI',
    extensionPath: 'c:\\Users\\habib\\.vscode\\extensions\\mongodb.mongodb-vscode-1.12.0',
    logPath: '/c:/Users/habib/Desktop/5th Sem/SE 505(SPL 2)/Project folder/SPL2_Elin/PATH_TO_SOME_FOLDER_WHERE_VSCODE_WILL_STORE_TMP_DATA/logs/20250306T001338/window1/exthost/mongodb.mongodb-vscode',
    workspaceStoragePath: '/C:/Users/habib/Desktop/5th Sem/SE 505(SPL 2)/Project folder/SPL2_Elin/PATH_TO_SOME_FOLDER_WHERE_VSCODE_WILL_STORE_TMP_DATA/User/workspaceStorage/caf2c5e0a4ac38053c75bec3f277e76b/mongodb.mongodb-vscode',
    globalStoragePath: '/C:/Users/habib/Desktop/5th Sem/SE 505(SPL 2)/Project folder/SPL2_Elin/PATH_TO_SOME_FOLDER_WHERE_VSCODE_WILL_STORE_TMP_DATA/User/globalStorage/mongodb.mongodb-vscode',
    defaultConnectionSavingLocation: 'Global',
    buildInfo: {
      nodeVersion: 'v20.18.2',
      runtimePlatform: 'win32',
      runtimeArch: 'x64'
    }
  }
]

2025-03-06 00:13:43.459 [info] 2025-03-05T18:13:42.672Z language server controller INFO  Creating MongoDB Language Server... [
  {
    extensionPath: 'c:\\Users\\habib\\.vscode\\extensions\\mongodb.mongodb-vscode-1.12.0',
    languageServer: {
      id: 'mongodbLanguageServer',
      name: 'MongoDB Language Server',
      path: 'c:\\Users\\habib\\.vscode\\extensions\\mongodb.mongodb-vscode-1.12.0\\dist\\languageServer.js',
      documentSelector: '[{"pattern":"**/*.mongodb.js"},{"pattern":"**/*.mongodb"}]'
    }
  }
]

2025-03-06 00:13:43.459 [info] 2025-03-05T18:13:42.684Z telemetry INFO  Segment analytics activated [ { anonymousId: '99df64d2-170c-4122-9604-88b3a4355c2e' } ]

2025-03-06 00:13:43.459 [info] 2025-03-05T18:13:42.685Z participant INFO  Chat participant created [ { participantId: 'mongodb.participant' } ]

2025-03-06 00:13:43.459 [info] 2025-03-05T18:13:42.995Z language server controller INFO  Starting the language server... []

2025-03-06 00:13:45.138 [info] 2025-03-05T18:13:45.136Z language server controller INFO  MongoDBService initialized. Sending default settings... {"extensionPath":"c:\\Users\\habib\\.vscode\\extensions\\mongodb.mongodb-vscode-1.12.0","connectionId":null,"hasConnectionString":false,"hasConnectionOptions":false} []

2025-03-06 05:33:40.194 [info] 2025-03-05T23:33:40.178Z extension INFO  Deactivating extension... []

2025-03-06 05:33:40.194 [info] 2025-03-05T23:33:40.178Z connection controller INFO  Disconnect called, currently connected to [ null ]

2025-03-06 05:33:40.195 [info] 2025-03-05T23:33:40.179Z language server controller INFO  Changing MongoDBService active connection... [ { connectionId: null } ]

2025-03-06 05:33:40.195 [info] 2025-03-05T23:33:40.179Z connection controller ERROR Unable to disconnect: no active connection []

2025-03-06 05:33:40.195 [info] 2025-03-05T23:33:40.181Z connection controller INFO  Disconnect called, currently connected to [ null ]

2025-03-06 05:33:40.195 [info] 2025-03-05T23:33:40.181Z language server controller INFO  Changing MongoDBService active connection... [ { connectionId: null } ]

2025-03-06 05:33:40.195 [info] 2025-03-05T23:33:40.181Z connection controller ERROR Unable to disconnect: no active connection []

2025-03-06 05:33:40.195 [info] 2025-03-05T23:33:40.194Z language server controller INFO  Deactivating the language server... []

2025-03-06 05:33:40.195 [info] 2025-03-05T23:33:40.194Z language server controller INFO  Deactivating the language server... []

2025-03-06 05:34:37.838 [info] 2025-03-05T23:34:37.752Z extension INFO  Activating extension... [
  {
    id: 'mongodb.mongodb-vscode',
    version: '1.12.0',
    mode: 'Production',
    kind: 'UI',
    extensionPath: 'c:\\Users\\habib\\.vscode\\extensions\\mongodb.mongodb-vscode-1.12.0',
    logPath: '/c:/Users/habib/Desktop/5th Sem/SE 505(SPL 2)/Project folder/SPL2_Elin/PATH_TO_SOME_FOLDER_WHERE_VSCODE_WILL_STORE_TMP_DATA/logs/20250306T001338/window1/exthost/mongodb.mongodb-vscode',
    workspaceStoragePath: '/C:/Users/habib/Desktop/5th Sem/SE 505(SPL 2)/Project folder/SPL2_Elin/PATH_TO_SOME_FOLDER_WHERE_VSCODE_WILL_STORE_TMP_DATA/User/workspaceStorage/05c7806002966ba5bd7b5e165e9f6f65/mongodb.mongodb-vscode',
    globalStoragePath: '/C:/Users/habib/Desktop/5th Sem/SE 505(SPL 2)/Project folder/SPL2_Elin/PATH_TO_SOME_FOLDER_WHERE_VSCODE_WILL_STORE_TMP_DATA/User/globalStorage/mongodb.mongodb-vscode',
    defaultConnectionSavingLocation: 'Global',
    buildInfo: {
      nodeVersion: 'v20.18.2',
      runtimePlatform: 'win32',
      runtimeArch: 'x64'
    }
  }
]

2025-03-06 05:34:37.838 [info] 2025-03-05T23:34:37.754Z language server controller INFO  Creating MongoDB Language Server... [
  {
    extensionPath: 'c:\\Users\\habib\\.vscode\\extensions\\mongodb.mongodb-vscode-1.12.0',
    languageServer: {
      id: 'mongodbLanguageServer',
      name: 'MongoDB Language Server',
      path: 'c:\\Users\\habib\\.vscode\\extensions\\mongodb.mongodb-vscode-1.12.0\\dist\\languageServer.js',
      documentSelector: '[{"pattern":"**/*.mongodb.js"},{"pattern":"**/*.mongodb"}]'
    }
  }
]

2025-03-06 05:34:37.838 [info] 2025-03-05T23:34:37.763Z telemetry INFO  Segment analytics activated [ { anonymousId: '99df64d2-170c-4122-9604-88b3a4355c2e' } ]

2025-03-06 05:34:37.838 [info] 2025-03-05T23:34:37.764Z participant INFO  Chat participant created [ { participantId: 'mongodb.participant' } ]

2025-03-06 05:34:37.838 [info] 2025-03-05T23:34:37.801Z language server controller INFO  Starting the language server... []

2025-03-06 05:34:38.254 [info] 2025-03-05T23:34:38.253Z language server controller INFO  MongoDBService initialized. Sending default settings... {"extensionPath":"c:\\Users\\habib\\.vscode\\extensions\\mongodb.mongodb-vscode-1.12.0","connectionId":null,"hasConnectionString":false,"hasConnectionOptions":false} []

2025-03-06 12:43:06.574 [info] 2025-03-06T06:43:06.555Z extension INFO  Deactivating extension... []

2025-03-06 12:43:06.574 [info] 2025-03-06T06:43:06.555Z connection controller INFO  Disconnect called, currently connected to [ null ]

2025-03-06 12:43:06.574 [info] 2025-03-06T06:43:06.557Z language server controller INFO  Changing MongoDBService active connection... [ { connectionId: null } ]

2025-03-06 12:43:06.574 [info] 2025-03-06T06:43:06.557Z connection controller ERROR Unable to disconnect: no active connection []

2025-03-06 12:43:06.574 [info] 2025-03-06T06:43:06.559Z connection controller INFO  Disconnect called, currently connected to [ null ]

2025-03-06 12:43:06.574 [info] 2025-03-06T06:43:06.559Z language server controller INFO  Changing MongoDBService active connection... [ { connectionId: null } ]

2025-03-06 12:43:06.574 [info] 2025-03-06T06:43:06.559Z connection controller ERROR Unable to disconnect: no active connection []

2025-03-06 12:43:06.574 [info] 2025-03-06T06:43:06.573Z language server controller INFO  Deactivating the language server... []

2025-03-06 12:43:06.574 [info] 2025-03-06T06:43:06.574Z language server controller INFO  Deactivating the language server... []

2025-03-06 12:43:11.101 [info] 2025-03-06T06:43:10.663Z extension INFO  Activating extension... [
  {
    id: 'mongodb.mongodb-vscode',
    version: '1.12.0',
    mode: 'Production',
    kind: 'UI',
    extensionPath: 'c:\\Users\\habib\\.vscode\\extensions\\mongodb.mongodb-vscode-1.12.0',
    logPath: '/c:/Users/habib/Desktop/5th Sem/SE 505(SPL 2)/Project folder/SPL2_Elin/PATH_TO_SOME_FOLDER_WHERE_VSCODE_WILL_STORE_TMP_DATA/logs/20250306T001338/window1/exthost/mongodb.mongodb-vscode',
    workspaceStoragePath: '/C:/Users/habib/Desktop/5th Sem/SE 505(SPL 2)/Project folder/SPL2_Elin/PATH_TO_SOME_FOLDER_WHERE_VSCODE_WILL_STORE_TMP_DATA/User/workspaceStorage/caf2c5e0a4ac38053c75bec3f277e76b/mongodb.mongodb-vscode',
    globalStoragePath: '/C:/Users/habib/Desktop/5th Sem/SE 505(SPL 2)/Project folder/SPL2_Elin/PATH_TO_SOME_FOLDER_WHERE_VSCODE_WILL_STORE_TMP_DATA/User/globalStorage/mongodb.mongodb-vscode',
    defaultConnectionSavingLocation: 'Global',
    buildInfo: {
      nodeVersion: 'v20.18.2',
      runtimePlatform: 'win32',
      runtimeArch: 'x64'
    }
  }
]

2025-03-06 12:43:11.101 [info] 2025-03-06T06:43:10.669Z language server controller INFO  Creating MongoDB Language Server... [
  {
    extensionPath: 'c:\\Users\\habib\\.vscode\\extensions\\mongodb.mongodb-vscode-1.12.0',
    languageServer: {
      id: 'mongodbLanguageServer',
      name: 'MongoDB Language Server',
      path: 'c:\\Users\\habib\\.vscode\\extensions\\mongodb.mongodb-vscode-1.12.0\\dist\\languageServer.js',
      documentSelector: '[{"pattern":"**/*.mongodb.js"},{"pattern":"**/*.mongodb"}]'
    }
  }
]

2025-03-06 12:43:11.101 [info] 2025-03-06T06:43:10.694Z telemetry INFO  Segment analytics activated [ { anonymousId: '99df64d2-170c-4122-9604-88b3a4355c2e' } ]

2025-03-06 12:43:11.101 [info] 2025-03-06T06:43:10.695Z participant INFO  Chat participant created [ { participantId: 'mongodb.participant' } ]

2025-03-06 12:43:11.101 [info] 2025-03-06T06:43:10.854Z language server controller INFO  Starting the language server... []

2025-03-06 12:43:13.629 [info] 2025-03-06T06:43:13.628Z language server controller INFO  MongoDBService initialized. Sending default settings... {"extensionPath":"c:\\Users\\habib\\.vscode\\extensions\\mongodb.mongodb-vscode-1.12.0","connectionId":null,"hasConnectionString":false,"hasConnectionOptions":false} []

2025-03-07 06:48:34.568 [info] 2025-03-07T00:48:34.541Z extension INFO  Deactivating extension... []

2025-03-07 06:48:34.569 [info] 2025-03-07T00:48:34.543Z connection controller INFO  Disconnect called, currently connected to [ null ]

2025-03-07 06:48:34.569 [info] 2025-03-07T00:48:34.544Z language server controller INFO  Changing MongoDBService active connection... [ { connectionId: null } ]

2025-03-07 06:48:34.569 [info] 2025-03-07T00:48:34.544Z connection controller ERROR Unable to disconnect: no active connection []

2025-03-07 06:48:34.569 [info] 2025-03-07T00:48:34.549Z connection controller INFO  Disconnect called, currently connected to [ null ]

2025-03-07 06:48:34.569 [info] 2025-03-07T00:48:34.549Z language server controller INFO  Changing MongoDBService active connection... [ { connectionId: null } ]

2025-03-07 06:48:34.569 [info] 2025-03-07T00:48:34.550Z connection controller ERROR Unable to disconnect: no active connection []

2025-03-07 06:48:34.569 [info] 2025-03-07T00:48:34.567Z language server controller INFO  Deactivating the language server... []

2025-03-07 06:48:34.569 [info] 2025-03-07T00:48:34.567Z language server controller INFO  Deactivating the language server... []

