2025-03-02 14:39:29.550 [info] Reading sessions from keychain...
2025-03-02 14:39:29.551 [info] Getting sessions for all scopes...
2025-03-02 14:39:29.551 [info] Getting sessions for all scopes...
2025-03-02 14:39:29.551 [info] Getting sessions for all scopes...
2025-03-02 14:39:29.551 [info] Getting sessions for all scopes...
2025-03-02 14:39:29.551 [info] Getting sessions for all scopes...
2025-03-02 14:39:29.551 [info] Getting sessions for all scopes...
2025-03-02 14:39:29.551 [info] Getting sessions for all scopes...
2025-03-02 14:39:29.551 [info] Getting sessions for all scopes...
2025-03-02 14:39:29.560 [info] Got 0 sessions for ...
2025-03-02 14:39:29.560 [info] Got 0 sessions for ...
2025-03-02 14:39:29.560 [info] Got 0 sessions for ...
2025-03-02 14:39:29.560 [info] Got 0 sessions for ...
2025-03-02 14:39:29.560 [info] Got 0 sessions for ...
2025-03-02 14:39:29.560 [info] Got 0 sessions for ...
2025-03-02 14:39:29.560 [info] Got 0 sessions for ...
2025-03-02 14:39:29.560 [info] Got 0 sessions for ...
2025-03-02 14:39:31.398 [info] Getting sessions for all scopes...
2025-03-02 14:39:31.398 [info] Got 0 sessions for ...
2025-03-02 14:39:32.214 [info] Getting sessions for read:user,repo,user:email...
2025-03-02 14:39:32.214 [info] Got 0 sessions for read:user,repo,user:email...
2025-03-02 14:40:00.890 [info] Reading sessions from keychain...
2025-03-02 14:40:00.891 [info] Getting sessions for all scopes...
2025-03-02 14:40:00.891 [info] Getting sessions for all scopes...
2025-03-02 14:40:00.891 [info] Got 0 sessions for ...
2025-03-02 14:40:00.891 [info] Got 0 sessions for ...
2025-03-02 14:40:00.891 [info] Getting sessions for all scopes...
2025-03-02 14:40:00.891 [info] Got 0 sessions for ...
2025-03-02 14:40:00.891 [info] Getting sessions for all scopes...
2025-03-02 14:40:00.891 [info] Got 0 sessions for ...
2025-03-02 14:40:00.891 [info] Getting sessions for all scopes...
2025-03-02 14:40:00.891 [info] Got 0 sessions for ...
2025-03-02 14:40:00.891 [info] Getting sessions for all scopes...
2025-03-02 14:40:00.891 [info] Got 0 sessions for ...
2025-03-02 14:40:00.891 [info] Getting sessions for all scopes...
2025-03-02 14:40:00.891 [info] Got 0 sessions for ...
2025-03-02 14:40:01.588 [info] Getting sessions for read:user,repo,user:email...
2025-03-02 14:40:01.588 [info] Got 0 sessions for read:user,repo,user:email...
2025-03-02 14:40:01.920 [info] Getting sessions for all scopes...
2025-03-02 14:40:01.920 [info] Got 0 sessions for ...
2025-03-02 14:40:03.551 [info] Getting sessions for all scopes...
2025-03-02 14:40:03.551 [info] Got 0 sessions for ...
2025-03-02 14:40:04.244 [info] Getting sessions for read:user,repo,user:email...
2025-03-02 14:40:04.244 [info] Got 0 sessions for read:user,repo,user:email...
2025-03-02 14:40:06.312 [info] Getting sessions for read:user,repo,user:email,workflow...
2025-03-02 14:40:06.312 [info] Got 0 sessions for read:user,repo,user:email,workflow...
2025-03-02 14:41:03.376 [info] Getting sessions for read:user,repo,user:email,workflow...
2025-03-02 14:41:03.376 [info] Got 0 sessions for read:user,repo,user:email,workflow...
2025-03-02 14:42:51.800 [info] Logging in with 'any' account...
2025-03-02 14:42:51.800 [info] Logging in for the following scopes: user:email
2025-03-02 14:42:51.831 [info] Trying without local server... (user:email)
2025-03-02 14:47:51.843 [error] Timed out
2025-03-02 15:45:50.396 [error] Canceled
2025-03-02 15:45:50.403 [error] Canceled
2025-03-02 15:45:50.404 [error] Error: No auth flow succeeded.
	at t.GitHubServer.login (c:\Users\habib\AppData\Local\Programs\Microsoft VS Code\resources\app\extensions\github-authentication\dist\extension.js:2:213865)
	at process.processTicksAndRejections (node:internal/process/task_queues:95:5)
	at async t.GitHubAuthenticationProvider.createSession (c:\Users\habib\AppData\Local\Programs\Microsoft VS Code\resources\app\extensions\github-authentication\dist\extension.js:2:208856)
	at async xw.$createSession (file:///c:/Users/habib/AppData/Local/Programs/Microsoft%20VS%20Code/resources/app/out/vs/workbench/api/node/extensionHostProcess.js:114:3467)
