2025-03-07 14:24:11.841 [info] Reading sessions from keychain...
2025-03-07 14:24:11.842 [info] Getting sessions for all scopes...
2025-03-07 14:24:11.842 [info] Getting sessions for all scopes...
2025-03-07 14:24:11.842 [info] Getting sessions for all scopes...
2025-03-07 14:24:11.842 [info] Getting sessions for all scopes...
2025-03-07 14:24:11.842 [info] Getting sessions for all scopes...
2025-03-07 14:24:11.842 [info] Getting sessions for all scopes...
2025-03-07 14:24:11.842 [info] Getting sessions for all scopes...
2025-03-07 14:24:11.842 [info] Getting sessions for all scopes...
2025-03-07 14:24:11.842 [info] Getting sessions for all scopes...
2025-03-07 14:24:11.842 [info] Got 0 sessions for ...
2025-03-07 14:24:11.842 [info] Got 0 sessions for ...
2025-03-07 14:24:11.842 [info] Got 0 sessions for ...
2025-03-07 14:24:11.842 [info] Got 0 sessions for ...
2025-03-07 14:24:11.842 [info] Got 0 sessions for ...
2025-03-07 14:24:11.842 [info] Got 0 sessions for ...
2025-03-07 14:24:11.842 [info] Got 0 sessions for ...
2025-03-07 14:24:11.842 [info] Got 0 sessions for ...
2025-03-07 14:24:11.842 [info] Got 0 sessions for ...
2025-03-07 14:24:11.842 [info] Getting sessions for all scopes...
2025-03-07 14:24:11.842 [info] Got 0 sessions for ...
2025-03-07 14:24:13.483 [info] Getting sessions for read:user,repo,user:email...
2025-03-07 14:24:13.483 [info] Got 0 sessions for read:user,repo,user:email...
2025-03-07 14:24:13.745 [info] Getting sessions for read:user,repo,user:email...
2025-03-07 14:24:13.745 [info] Got 0 sessions for read:user,repo,user:email...
2025-03-07 14:24:13.849 [info] Getting sessions for read:user,repo,user:email,workflow...
2025-03-07 14:24:13.849 [info] Got 0 sessions for read:user,repo,user:email,workflow...
