2025-03-02 14:40:20.764 [info] 2025-03-02T08:40:20.690Z extension INFO  Activating extension... [
  {
    id: 'mongodb.mongodb-vscode',
    version: '1.12.0',
    mode: 'Production',
    kind: 'UI',
    extensionPath: 'c:\\Users\\habib\\.vscode\\extensions\\mongodb.mongodb-vscode-1.12.0',
    logPath: '/c:/Users/habib/Desktop/5th Sem/SE 505(SPL 2)/Project folder/SPL2_Elin/PATH_TO_SOME_FOLDER_WHERE_VSCODE_WILL_STORE_TMP_DATA/logs/20250302T143925/window1/exthost/mongodb.mongodb-vscode',
    workspaceStoragePath: '/C:/Users/habib/Desktop/5th Sem/SE 505(SPL 2)/Project folder/SPL2_Elin/PATH_TO_SOME_FOLDER_WHERE_VSCODE_WILL_STORE_TMP_DATA/User/workspaceStorage/caf2c5e0a4ac38053c75bec3f277e76b/mongodb.mongodb-vscode',
    globalStoragePath: '/C:/Users/habib/Desktop/5th Sem/SE 505(SPL 2)/Project folder/SPL2_Elin/PATH_TO_SOME_FOLDER_WHERE_VSCODE_WILL_STORE_TMP_DATA/User/globalStorage/mongodb.mongodb-vscode',
    defaultConnectionSavingLocation: 'Global',
    buildInfo: {
      nodeVersion: 'v20.18.1',
      runtimePlatform: 'win32',
      runtimeArch: 'x64'
    }
  }
]

2025-03-02 14:40:20.764 [info] 2025-03-02T08:40:20.696Z language server controller INFO  Creating MongoDB Language Server... [
  {
    extensionPath: 'c:\\Users\\habib\\.vscode\\extensions\\mongodb.mongodb-vscode-1.12.0',
    languageServer: {
      id: 'mongodbLanguageServer',
      name: 'MongoDB Language Server',
      path: 'c:\\Users\\habib\\.vscode\\extensions\\mongodb.mongodb-vscode-1.12.0\\dist\\languageServer.js',
      documentSelector: '[{"pattern":"**/*.mongodb.js"},{"pattern":"**/*.mongodb"}]'
    }
  }
]

2025-03-02 14:40:20.764 [info] 2025-03-02T08:40:20.710Z telemetry INFO  Segment analytics activated [ { anonymousId: '99df64d2-170c-4122-9604-88b3a4355c2e' } ]

2025-03-02 14:40:20.764 [info] 2025-03-02T08:40:20.711Z participant INFO  Chat participant created [ { participantId: 'mongodb.participant' } ]

2025-03-02 14:40:20.764 [info] 2025-03-02T08:40:20.713Z language server controller INFO  Starting the language server... []

2025-03-02 14:40:21.462 [info] 2025-03-02T08:40:21.457Z webview controller INFO  Opening webview... []

2025-03-02 14:40:21.465 [info] 2025-03-02T08:40:21.464Z language server controller INFO  MongoDBService initialized. Sending default settings... {"extensionPath":"c:\\Users\\habib\\.vscode\\extensions\\mongodb.mongodb-vscode-1.12.0","connectionId":null,"hasConnectionString":false,"hasConnectionOptions":false} []

2025-03-02 14:40:22.135 [info] 2025-03-02T08:40:22.132Z webview controller INFO  Opening webview... []

2025-03-02 14:40:27.514 [info] 2025-03-02T08:40:27.513Z connection controller INFO  connectWithURI command called []

2025-03-02 14:40:32.005 [info] 2025-03-02T08:40:32.004Z telemetry INFO  Telemetry sent [
  {
    anonymousId: '99df64d2-170c-4122-9604-88b3a4355c2e',
    event: 'Side Panel Opened',
    properties: { extension_version: '1.12.0' }
  }
]

2025-03-02 14:40:32.005 [info] 2025-03-02T08:40:32.004Z telemetry INFO  Telemetry sent [
  {
    anonymousId: '99df64d2-170c-4122-9604-88b3a4355c2e',
    event: 'Command Run',
    properties: { command: 'mdb.openOverviewPage', extension_version: '1.12.0' }
  }
]

2025-03-02 14:40:32.005 [info] 2025-03-02T08:40:32.004Z telemetry INFO  Telemetry sent [
  {
    anonymousId: '99df64d2-170c-4122-9604-88b3a4355c2e',
    event: 'Command Run',
    properties: { command: 'mdb.connect', extension_version: '1.12.0' }
  }
]

2025-03-02 14:40:32.005 [info] 2025-03-02T08:40:32.004Z telemetry INFO  Telemetry sent [
  {
    anonymousId: '99df64d2-170c-4122-9604-88b3a4355c2e',
    event: 'Command Run',
    properties: { command: 'mdb.connectWithURI', extension_version: '1.12.0' }
  }
]

2025-03-02 14:40:36.010 [info] 2025-03-02T08:40:36.007Z webview controller INFO  Opening webview... []

2025-03-02 14:40:36.995 [info] 2025-03-02T08:40:36.993Z webview controller INFO  Opening webview... []

2025-03-02 14:40:37.387 [info] 2025-03-02T08:40:37.385Z webview controller INFO  Opening webview... []

2025-03-02 14:40:39.515 [info] 2025-03-02T08:40:39.513Z webview controller INFO  Opening webview... []

2025-03-02 14:40:47.661 [info] 2025-03-02T08:40:47.660Z telemetry INFO  Telemetry sent [
  {
    anonymousId: '99df64d2-170c-4122-9604-88b3a4355c2e',
    event: 'Command Run',
    properties: { command: 'mdb.addConnection', extension_version: '1.12.0' }
  }
]

2025-03-02 14:40:47.662 [info] 2025-03-02T08:40:47.661Z telemetry INFO  Telemetry sent [
  {
    anonymousId: '99df64d2-170c-4122-9604-88b3a4355c2e',
    event: 'Command Run',
    properties: { command: 'mdb.addConnection', extension_version: '1.12.0' }
  }
]

2025-03-02 14:40:47.662 [info] 2025-03-02T08:40:47.661Z telemetry INFO  Telemetry sent [
  {
    anonymousId: '99df64d2-170c-4122-9604-88b3a4355c2e',
    event: 'Command Run',
    properties: { command: 'mdb.addConnection', extension_version: '1.12.0' }
  }
]

2025-03-02 14:40:47.662 [info] 2025-03-02T08:40:47.661Z telemetry INFO  Telemetry sent [
  {
    anonymousId: '99df64d2-170c-4122-9604-88b3a4355c2e',
    event: 'Command Run',
    properties: { command: 'mdb.addConnection', extension_version: '1.12.0' }
  }
]

2025-03-02 14:41:14.557 [info] 2025-03-02T08:41:14.555Z webview controller INFO  Opening webview... []

2025-03-02 14:41:15.882 [info] 2025-03-02T08:41:15.881Z webview controller INFO  Opening webview... []

2025-03-02 14:41:21.868 [info] 2025-03-02T08:41:21.867Z telemetry INFO  Telemetry sent [
  {
    anonymousId: '99df64d2-170c-4122-9604-88b3a4355c2e',
    event: 'Side Panel Opened',
    properties: { extension_version: '1.12.0' }
  }
]

2025-03-02 14:41:21.868 [info] 2025-03-02T08:41:21.868Z telemetry INFO  Telemetry sent [
  {
    anonymousId: '99df64d2-170c-4122-9604-88b3a4355c2e',
    event: 'Command Run',
    properties: { command: 'mdb.connect', extension_version: '1.12.0' }
  }
]

2025-03-02 14:41:21.868 [info] 2025-03-02T08:41:21.868Z telemetry INFO  Telemetry sent [
  {
    anonymousId: '99df64d2-170c-4122-9604-88b3a4355c2e',
    event: 'Command Run',
    properties: { command: 'mdb.connect', extension_version: '1.12.0' }
  }
]

2025-03-02 14:41:24.231 [info] 2025-03-02T08:41:24.229Z webview controller INFO  Opening webview... []

2025-03-02 14:41:30.998 [info] 2025-03-02T08:41:30.997Z connection controller INFO  connectWithURI command called []

2025-03-02 14:41:35.374 [info] 2025-03-02T08:41:35.373Z telemetry INFO  Telemetry sent [
  {
    anonymousId: '99df64d2-170c-4122-9604-88b3a4355c2e',
    event: 'Command Run',
    properties: { command: 'mdb.connect', extension_version: '1.12.0' }
  }
]

2025-03-02 14:41:35.374 [info] 2025-03-02T08:41:35.374Z telemetry INFO  Telemetry sent [
  {
    anonymousId: '99df64d2-170c-4122-9604-88b3a4355c2e',
    event: 'Command Run',
    properties: { command: 'mdb.connectWithURI', extension_version: '1.12.0' }
  }
]

2025-03-02 14:49:36.484 [info] 2025-03-02T08:49:36.483Z telemetry INFO  Telemetry sent [
  {
    anonymousId: '99df64d2-170c-4122-9604-88b3a4355c2e',
    event: 'Side Panel Opened',
    properties: { extension_version: '1.12.0' }
  }
]

2025-03-02 14:50:14.219 [info] 2025-03-02T08:50:14.216Z webview controller INFO  Opening webview... []

2025-03-02 14:50:16.887 [info] 2025-03-02T08:50:16.887Z connection controller INFO  connectWithURI command called []

2025-03-02 14:50:19.690 [info] 2025-03-02T08:50:19.683Z connection controller INFO  Trying to connect to a new connection configuration... []

2025-03-02 14:50:19.717 [info] 2025-03-02T08:50:19.706Z connection controller INFO  Connect called to connect to instance [ 'localhost:27017' ]

2025-03-02 14:50:19.717 [info] 2025-03-02T08:50:19.708Z connection controller INFO  Connecting to MongoDB... [
  {
    connectionInfo: '{"id":"28d511e3-879e-45f9-88f1-d3ea3380c9c4","name":"localhost:27017","source":"user","storageLocation":"GLOBAL","secretStorageLocation":"vscode.SecretStorage","connectionOptions":{"connectionString":"mongodb://localhost:27017/?appname=mongodb-vscode+1.12.0"}}'
  }
]

2025-03-02 14:50:19.717 [info] 2025-03-02T08:50:19.713Z connection controller INFO  COMPASS-DATA-SERVICE [
  { __value: 1001000014 },
  'Connection 0',
  'Connecting',
  {
    url: 'mongodb://localhost:27017/?appname=mongodb-vscode+1.12.0',
    csfle: null
  }
]

2025-03-02 14:50:19.725 [info] 2025-03-02T08:50:19.722Z connection controller ERROR DEVTOOLS-CONNECT [
  { __value: 1000000041 },
  'compass-deps',
  'Missing optional dependency',
  {
    name: 'mongodb-client-encryption',
    error: "Cannot find module 'mongodb-client-encryption'\n" +
      'Require stack:\n' +
      '- c:\\Users\\habib\\.vscode\\extensions\\mongodb.mongodb-vscode-1.12.0\\dist\\extension.js\n' +
      '- c:\\Users\\habib\\AppData\\Local\\Programs\\Microsoft VS Code\\resources\\app\\out\\vs\\workbench\\api\\node\\extensionHostProcess.js'
  }
]

2025-03-02 14:50:19.725 [info] 2025-03-02T08:50:19.723Z connection controller ERROR DEVTOOLS-CONNECT [
  { __value: 1000000041 },
  'compass-deps',
  'Missing optional dependency',
  {
    name: 'os-dns-native',
    error: "Cannot find module 'os-dns-native'\n" +
      'Require stack:\n' +
      '- c:\\Users\\habib\\.vscode\\extensions\\mongodb.mongodb-vscode-1.12.0\\dist\\extension.js\n' +
      '- c:\\Users\\habib\\AppData\\Local\\Programs\\Microsoft VS Code\\resources\\app\\out\\vs\\workbench\\api\\node\\extensionHostProcess.js'
  }
]

2025-03-02 14:50:19.725 [info] 2025-03-02T08:50:19.723Z connection controller ERROR DEVTOOLS-CONNECT [
  { __value: 1000000041 },
  'compass-deps',
  'Missing optional dependency',
  {
    name: 'resolve-mongodb-srv',
    error: "Cannot find module 'resolve-mongodb-srv'"
  }
]

2025-03-02 14:50:19.731 [info] 2025-03-02T08:50:19.727Z connection controller INFO  DEVTOOLS-CONNECT [
  { __value: 1000000049 },
  'compass-connect',
  'Loaded system CA list',
  {
    caCount: 147,
    asyncFallbackError: undefined,
    systemCertsError: "Cannot find module 'win-export-certificate-and-key'\n" +
      'Require stack:\n' +
      '- c:\\Users\\habib\\.vscode\\extensions\\mongodb.mongodb-vscode-1.12.0\\dist\\extension.js\n' +
      '- c:\\Users\\habib\\AppData\\Local\\Programs\\Microsoft VS Code\\resources\\app\\out\\vs\\workbench\\api\\node\\extensionHostProcess.js',
    messages: []
  }
]

2025-03-02 14:50:19.749 [info] 2025-03-02T08:50:19.741Z connection controller INFO  DEVTOOLS-CONNECT [
  { __value: 1000000042 },
  'compass-connect',
  'Initiating connection attempt',
  {
    uri: 'mongodb://localhost:27017/?appname=mongodb-vscode+1.12.0',
    driver: { name: 'nodejs', version: '6.12.0' },
    devtoolsConnectVersion: '3.4.0',
    host: 'localhost:27017'
  }
]

2025-03-02 14:50:19.749 [info] 2025-03-02T08:50:19.743Z connection controller INFO  COMPASS-DATA-SERVICE [
  { __value: 1001000021 },
  'Connection 0',
  'Topology description changed',
  {
    isWritable: false,
    isMongos: false,
    previousType: 'Unknown',
    newType: 'Unknown'
  }
]

2025-03-02 14:50:19.749 [info] 2025-03-02T08:50:19.743Z connection controller INFO  COMPASS-DATA-SERVICE [
  { __value: 1001000019 },
  'Connection 0',
  'Server opening',
  { address: 'localhost:27017' }
]

2025-03-02 14:50:19.773 [info] 2025-03-02T08:50:19.769Z connection controller DEBUG COMPASS-DATA-SERVICE [
  { __value: 1001000022 },
  'Connection 0',
  'Server heartbeat succeeded',
  { connectionId: 'localhost:27017', duration: 11 }
]

2025-03-02 14:50:19.773 [info] 2025-03-02T08:50:19.770Z connection controller INFO  DEVTOOLS-CONNECT [
  { __value: 1000000035 },
  'compass-connect',
  'Server heartbeat succeeded',
  { connectionId: 'localhost:27017' }
]

2025-03-02 14:50:19.773 [info] 2025-03-02T08:50:19.771Z connection controller INFO  COMPASS-DATA-SERVICE [
  { __value: 1001000018 },
  'Connection 0',
  'Server description changed',
  {
    address: 'localhost:27017',
    error: null,
    previousType: 'Unknown',
    newType: 'Standalone'
  }
]

2025-03-02 14:50:19.773 [info] 2025-03-02T08:50:19.772Z connection controller INFO  COMPASS-DATA-SERVICE [
  { __value: 1001000021 },
  'Connection 0',
  'Topology description changed',
  {
    isWritable: true,
    isMongos: false,
    previousType: 'Unknown',
    newType: 'Single'
  }
]

2025-03-02 14:50:19.773 [info] 2025-03-02T08:50:19.773Z connection controller INFO  DEVTOOLS-CONNECT [
  { __value: 1000000037 },
  'compass-connect',
  'Connection attempt finished',
  undefined
]

2025-03-02 14:50:19.783 [info] 2025-03-02T08:50:19.783Z connection controller DEBUG COMPASS-DATA-SERVICE [
  { __value: 1001000029 },
  'Connection 0',
  'Driver command succeeded',
  {
    address: '127.0.0.1:27017',
    serverConnectionId: 1,
    duration: 1,
    commandName: 'ping'
  }
]

2025-03-02 14:50:19.788 [info] 2025-03-02T08:50:19.787Z connection controller INFO  COMPASS-DATA-SERVICE [
  { __value: 1001000015 },
  'Connection 0',
  'Connected',
  { isWritable: true, isMongos: false }
]

2025-03-02 14:50:19.791 [info] 2025-03-02T08:50:19.788Z connection controller INFO  Successfully connected [ { connectionId: '28d511e3-879e-45f9-88f1-d3ea3380c9c4' } ]

2025-03-02 14:50:19.791 [info] 2025-03-02T08:50:19.790Z language server controller INFO  Changing MongoDBService active connection... [ { connectionId: '28d511e3-879e-45f9-88f1-d3ea3380c9c4' } ]

2025-03-02 14:50:19.807 [info] 2025-03-02T08:50:19.806Z connection controller DEBUG COMPASS-DATA-SERVICE [
  { __value: 1001000029 },
  'Connection 0',
  'Driver command succeeded',
  {
    address: '127.0.0.1:27017',
    serverConnectionId: 1,
    duration: 2,
    commandName: 'connectionStatus'
  }
]

2025-03-02 14:50:19.813 [info] 2025-03-02T08:50:19.813Z connection controller DEBUG COMPASS-DATA-SERVICE [
  { __value: 1001000029 },
  'Connection 0',
  'Driver command succeeded',
  {
    address: '127.0.0.1:27017',
    serverConnectionId: 1,
    duration: 6,
    commandName: 'getParameter'
  }
]

2025-03-02 14:50:19.818 [info] 2025-03-02T08:50:19.818Z connection controller DEBUG COMPASS-DATA-SERVICE [
  { __value: 1001000030 },
  'Connection 0',
  'Driver command failed',
  {
    address: '127.0.0.1:27017',
    serverConnectionId: 1,
    duration: 4,
    commandName: 'atlasVersion',
    failure: "no such command: 'atlasVersion'"
  }
]

2025-03-02 14:50:19.821 [info] 2025-03-02T08:50:19.820Z connection controller DEBUG COMPASS-DATA-SERVICE [
  { __value: 1001000029 },
  'Connection 0',
  'Driver command succeeded',
  {
    address: '127.0.0.1:27017',
    serverConnectionId: 3,
    duration: 4,
    commandName: 'buildInfo'
  }
]

2025-03-02 14:50:19.823 [info] 2025-03-02T08:50:19.822Z connection controller DEBUG COMPASS-DATA-SERVICE [
  { __value: 1001000029 },
  'Connection 0',
  'Driver command succeeded',
  {
    address: '127.0.0.1:27017',
    serverConnectionId: 1,
    duration: 3,
    commandName: 'listDatabases'
  }
]

2025-03-02 14:50:19.826 [info] 2025-03-02T08:50:19.826Z connection controller DEBUG COMPASS-DATA-SERVICE [
  { __value: 1001000029 },
  'Connection 0',
  'Driver command succeeded',
  {
    address: '127.0.0.1:27017',
    serverConnectionId: 1,
    duration: 4,
    commandName: 'connectionStatus'
  }
]

2025-03-02 14:50:19.827 [info] 2025-03-02T08:50:19.827Z connection controller INFO  COMPASS-DATA-SERVICE [
  { __value: 1001000100 },
  'Connection 0',
  'Running _connectionStatus',
  undefined
]

2025-03-02 14:50:19.828 [info] 2025-03-02T08:50:19.827Z connection controller DEBUG COMPASS-DATA-SERVICE [
  { __value: 1001000029 },
  'Connection 0',
  'Driver command succeeded',
  {
    address: '127.0.0.1:27017',
    serverConnectionId: 3,
    duration: 6,
    commandName: 'connectionStatus'
  }
]

2025-03-02 14:50:19.828 [info] 2025-03-02T08:50:19.827Z connection controller INFO  COMPASS-DATA-SERVICE [
  { __value: 1001000100 },
  'Connection 0',
  'Running _connectionStatus',
  undefined
]

2025-03-02 14:50:19.829 [info] 2025-03-02T08:50:19.828Z connection controller INFO  COMPASS-DATA-SERVICE [
  { __value: 1001000033 },
  'Connection 0',
  'Running listDatabases',
  { nameOnly: true, databasesCount: 5 }
]

2025-03-02 14:50:19.831 [info] 2025-03-02T08:50:19.830Z connection controller DEBUG COMPASS-DATA-SERVICE [
  { __value: 1001000029 },
  'Connection 0',
  'Driver command succeeded',
  {
    address: '127.0.0.1:27017',
    serverConnectionId: 2,
    duration: 6,
    commandName: 'hostInfo'
  }
]

2025-03-02 14:50:19.835 [info] 2025-03-02T08:50:19.834Z connection controller DEBUG COMPASS-DATA-SERVICE [
  { __value: 1001000029 },
  'Connection 0',
  'Driver command succeeded',
  {
    address: '127.0.0.1:27017',
    serverConnectionId: 4,
    duration: 3,
    commandName: 'aggregate'
  }
]

2025-03-02 14:50:19.841 [info] 2025-03-02T08:50:19.840Z connection controller INFO  COMPASS-DATA-SERVICE [
  { __value: 1001000024 },
  'Connection 0',
  'Running instance',
  {
    serverVersion: '8.0.4',
    genuineMongoDB: { isGenuine: true, dbType: 'mongodb' },
    dataLake: { isDataLake: false, version: null },
    featureCompatibilityVersion: '8.0'
  }
]

2025-03-02 14:50:19.871 [info] 2025-03-02T08:50:19.871Z language server controller INFO  MongoDBService active connection has changed [
  {
    successfullyConnected: true,
    connectionId: '28d511e3-879e-45f9-88f1-d3ea3380c9c4'
  }
]

2025-03-02 14:50:26.002 [info] 2025-03-02T08:50:26.001Z telemetry INFO  Telemetry sent [
  {
    anonymousId: '99df64d2-170c-4122-9604-88b3a4355c2e',
    event: 'Command Run',
    properties: { command: 'mdb.connect', extension_version: '1.12.0' }
  }
]

2025-03-02 14:50:26.002 [info] 2025-03-02T08:50:26.001Z telemetry INFO  Telemetry sent [
  {
    anonymousId: '99df64d2-170c-4122-9604-88b3a4355c2e',
    event: 'Command Run',
    properties: { command: 'mdb.connectWithURI', extension_version: '1.12.0' }
  }
]

2025-03-02 14:50:26.002 [info] 2025-03-02T08:50:26.001Z telemetry INFO  Telemetry sent [
  {
    anonymousId: '99df64d2-170c-4122-9604-88b3a4355c2e',
    event: 'Side Panel Opened',
    properties: { extension_version: '1.12.0' }
  }
]

2025-03-02 14:50:26.002 [info] 2025-03-02T08:50:26.001Z telemetry INFO  Telemetry sent [
  {
    anonymousId: '99df64d2-170c-4122-9604-88b3a4355c2e',
    event: 'New Connection',
    properties: {
      is_used_connect_screen: false,
      is_used_command_palette: true,
      is_used_saved_connection: false,
      vscode_mdb_extension_version: '1.12.0',
      is_public_cloud: false,
      is_do_url: false,
      is_atlas_url: false,
      is_localhost: true,
      auth_strategy: 'NONE',
      is_atlas: false,
      atlas_hostname: null,
      is_local_atlas: false,
      is_data_lake: false,
      dl_version: null,
      is_enterprise: false,
      is_genuine: true,
      non_genuine_server_name: 'mongodb',
      server_version: '8.0.4',
      server_arch: 'x86_64',
      server_os_family: 'windows',
      topology_type: 'Single',
      extension_version: '1.12.0'
    }
  }
]

2025-03-02 14:50:26.923 [info] 2025-03-02T08:50:26.922Z explorer tree controller INFO  Explorer tree item was expanded [
  {
    type: 'databaseTreeItem',
    connectionName: 'local',
    isExpanded: false
  }
]

2025-03-02 14:50:26.948 [info] 2025-03-02T08:50:26.947Z connection controller DEBUG COMPASS-DATA-SERVICE [
  { __value: 1001000029 },
  'Connection 0',
  'Driver command succeeded',
  {
    address: '127.0.0.1:27017',
    serverConnectionId: 2,
    duration: 1,
    commandName: 'connectionStatus'
  }
]

2025-03-02 14:50:26.948 [info] 2025-03-02T08:50:26.947Z connection controller INFO  COMPASS-DATA-SERVICE [
  { __value: 1001000100 },
  'Connection 0',
  'Running _connectionStatus',
  undefined
]

2025-03-02 14:50:26.949 [info] 2025-03-02T08:50:26.949Z connection controller DEBUG COMPASS-DATA-SERVICE [
  { __value: 1001000029 },
  'Connection 0',
  'Driver command succeeded',
  {
    address: '127.0.0.1:27017',
    serverConnectionId: 4,
    duration: 3,
    commandName: 'listCollections'
  }
]

2025-03-02 14:50:26.951 [info] 2025-03-02T08:50:26.950Z connection controller INFO  COMPASS-DATA-SERVICE [
  { __value: 1001000032 },
  'Connection 0',
  'Running listCollections',
  { db: 'local', nameOnly: false, collectionsCount: 1 }
]

2025-03-02 14:50:28.730 [info] 2025-03-02T08:50:28.729Z explorer tree controller INFO  Tree item was collapsed [ 'local' ]

2025-03-02 14:50:30.881 [info] 2025-03-02T08:50:30.881Z explorer tree controller INFO  Explorer tree item was expanded [
  {
    type: 'databaseTreeItem',
    connectionName: 'SPL2',
    isExpanded: false
  }
]

2025-03-02 14:50:30.911 [info] 2025-03-02T08:50:30.911Z connection controller DEBUG COMPASS-DATA-SERVICE [
  { __value: 1001000029 },
  'Connection 0',
  'Driver command succeeded',
  {
    address: '127.0.0.1:27017',
    serverConnectionId: 2,
    duration: 1,
    commandName: 'connectionStatus'
  }
]

2025-03-02 14:50:30.912 [info] 2025-03-02T08:50:30.911Z connection controller INFO  COMPASS-DATA-SERVICE [
  { __value: 1001000100 },
  'Connection 0',
  'Running _connectionStatus',
  undefined
]

2025-03-02 14:50:30.913 [info] 2025-03-02T08:50:30.912Z connection controller DEBUG COMPASS-DATA-SERVICE [
  { __value: 1001000029 },
  'Connection 0',
  'Driver command succeeded',
  {
    address: '127.0.0.1:27017',
    serverConnectionId: 4,
    duration: 3,
    commandName: 'listCollections'
  }
]

2025-03-02 14:50:30.914 [info] 2025-03-02T08:50:30.913Z connection controller INFO  COMPASS-DATA-SERVICE [
  { __value: 1001000032 },
  'Connection 0',
  'Running listCollections',
  { db: 'SPL2', nameOnly: false, collectionsCount: 2 }
]

2025-03-02 14:50:32.034 [info] 2025-03-02T08:50:32.032Z explorer tree controller INFO  Explorer tree item was expanded [
  {
    type: 'collectionTreeItem',
    connectionName: 'users',
    isExpanded: false
  }
]

2025-03-02 14:50:32.054 [info] 2025-03-02T08:50:32.053Z connection controller DEBUG COMPASS-DATA-SERVICE [
  { __value: 1001000029 },
  'Connection 0',
  'Driver command succeeded',
  {
    address: '127.0.0.1:27017',
    serverConnectionId: 4,
    duration: 19,
    commandName: 'count'
  }
]

2025-03-02 14:50:32.054 [info] 2025-03-02T08:50:32.054Z connection controller INFO  COMPASS-DATA-SERVICE [
  { __value: 1001000034 },
  'Connection 0',
  'Running estimatedCount',
  { ns: 'SPL2.users', maxTimeMS: undefined }
]

2025-03-02 14:50:32.055 [info] 2025-03-02T08:50:32.055Z connection controller DEBUG COMPASS-DATA-SERVICE [
  { __value: 1001000029 },
  'Connection 0',
  'Driver command succeeded',
  {
    address: '127.0.0.1:27017',
    serverConnectionId: 2,
    duration: 19,
    commandName: 'count'
  }
]

2025-03-02 14:50:32.055 [info] 2025-03-02T08:50:32.055Z connection controller INFO  COMPASS-DATA-SERVICE [
  { __value: 1001000034 },
  'Connection 0',
  'Running estimatedCount',
  { ns: 'SPL2.users', maxTimeMS: undefined }
]

2025-03-02 14:50:34.999 [info] 2025-03-02T08:50:34.998Z explorer tree controller INFO  Explorer tree item was expanded [
  {
    type: 'schemaTreeItem',
    connectionName: 'Schema',
    isExpanded: false
  }
]

2025-03-02 14:50:35.026 [info] 2025-03-02T08:50:35.025Z connection controller DEBUG COMPASS-DATA-SERVICE [
  { __value: 1001000029 },
  'Connection 0',
  'Driver command succeeded',
  {
    address: '127.0.0.1:27017',
    serverConnectionId: 2,
    duration: 3,
    commandName: 'find'
  }
]

2025-03-02 14:50:35.028 [info] 2025-03-02T08:50:35.027Z connection controller INFO  COMPASS-DATA-SERVICE [
  { __value: 1001000060 },
  'Connection 0',
  'Running find',
  { ns: 'SPL2.users', maxTimeMS: undefined }
]

2025-03-02 14:50:35.028 [info] 2025-03-02T08:50:35.027Z schema tree item INFO  Parsing schema for the 'SPL2.users' namespace... []

2025-03-02 14:50:35.965 [info] 2025-03-02T08:50:35.963Z explorer tree controller INFO  Tree item was collapsed [ 'Schema' ]

2025-03-02 14:50:36.552 [info] 2025-03-02T08:50:36.550Z explorer tree controller INFO  Explorer tree item was expanded [
  {
    type: 'documentListTreeItem',
    connectionName: 'Documents',
    isExpanded: false
  }
]

2025-03-02 14:50:36.556 [info] 2025-03-02T08:50:36.555Z connection controller DEBUG COMPASS-DATA-SERVICE [
  { __value: 1001000029 },
  'Connection 0',
  'Driver command succeeded',
  {
    address: '127.0.0.1:27017',
    serverConnectionId: 2,
    duration: 3,
    commandName: 'count'
  }
]

2025-03-02 14:50:36.556 [info] 2025-03-02T08:50:36.555Z connection controller INFO  COMPASS-DATA-SERVICE [
  { __value: 1001000034 },
  'Connection 0',
  'Running estimatedCount',
  { ns: 'SPL2.users', maxTimeMS: undefined }
]

2025-03-02 14:50:36.557 [info] 2025-03-02T08:50:36.557Z connection controller DEBUG COMPASS-DATA-SERVICE [
  { __value: 1001000029 },
  'Connection 0',
  'Driver command succeeded',
  {
    address: '127.0.0.1:27017',
    serverConnectionId: 4,
    duration: 3,
    commandName: 'find'
  }
]

2025-03-02 14:50:36.559 [info] 2025-03-02T08:50:36.558Z connection controller INFO  COMPASS-DATA-SERVICE [
  { __value: 1001000060 },
  'Connection 0',
  'Running find',
  { ns: 'SPL2.users', maxTimeMS: undefined }
]

2025-03-02 14:50:37.584 [info] 2025-03-02T08:50:37.582Z explorer tree controller INFO  Tree item was collapsed [ 'Documents' ]

2025-03-02 14:50:38.085 [info] 2025-03-02T08:50:38.084Z telemetry INFO  Telemetry sent [
  {
    anonymousId: '99df64d2-170c-4122-9604-88b3a4355c2e',
    event: 'Section Expanded',
    properties: { section_name: 'database', extension_version: '1.12.0' }
  }
]

2025-03-02 14:50:38.085 [info] 2025-03-02T08:50:38.085Z telemetry INFO  Telemetry sent [
  {
    anonymousId: '99df64d2-170c-4122-9604-88b3a4355c2e',
    event: 'Section Expanded',
    properties: { section_name: 'database', extension_version: '1.12.0' }
  }
]

2025-03-02 14:50:38.085 [info] 2025-03-02T08:50:38.085Z telemetry INFO  Telemetry sent [
  {
    anonymousId: '99df64d2-170c-4122-9604-88b3a4355c2e',
    event: 'Section Expanded',
    properties: { section_name: 'collection', extension_version: '1.12.0' }
  }
]

2025-03-02 14:50:38.086 [info] 2025-03-02T08:50:38.085Z telemetry INFO  Telemetry sent [
  {
    anonymousId: '99df64d2-170c-4122-9604-88b3a4355c2e',
    event: 'Section Expanded',
    properties: { section_name: 'schema', extension_version: '1.12.0' }
  }
]

2025-03-02 14:50:38.086 [info] 2025-03-02T08:50:38.085Z telemetry INFO  Telemetry sent [
  {
    anonymousId: '99df64d2-170c-4122-9604-88b3a4355c2e',
    event: 'Section Expanded',
    properties: { section_name: 'documentList', extension_version: '1.12.0' }
  }
]

2025-03-02 15:45:50.394 [info] 2025-03-02T09:45:50.371Z extension INFO  Deactivating extension... []

2025-03-02 15:45:50.394 [info] 2025-03-02T09:45:50.372Z connection controller INFO  Disconnect called, currently connected to [ '28d511e3-879e-45f9-88f1-d3ea3380c9c4' ]

2025-03-02 15:45:50.394 [info] 2025-03-02T09:45:50.372Z language server controller INFO  Changing MongoDBService active connection... [ { connectionId: null } ]

2025-03-02 15:45:50.395 [info] 2025-03-02T09:45:50.377Z connection controller INFO  Disconnect called, currently connected to [ null ]

2025-03-02 15:45:50.395 [info] 2025-03-02T09:45:50.377Z language server controller INFO  Changing MongoDBService active connection... [ { connectionId: null } ]

2025-03-02 15:45:50.395 [info] 2025-03-02T09:45:50.378Z connection controller ERROR Unable to disconnect: no active connection []

2025-03-02 15:45:50.395 [info] 2025-03-02T09:45:50.394Z connection controller ERROR Unable to disconnect [
  [TypeError: Cannot read properties of undefined (reading 'info')
  	at ConnectionController.disconnect (c:\Users\habib\.vscode\extensions\mongodb.mongodb-vscode-1.12.0\dist\extension.js:14:2657083)
  	at ConnectionController.disconnect (c:\Users\habib\.vscode\extensions\mongodb.mongodb-vscode-1.12.0\dist\extension.js:35:1033550)
  	at MDBExtensionController.deactivate (c:\Users\habib\.vscode\extensions\mongodb.mongodb-vscode-1.12.0\dist\extension.js:35:1176452)
  	at t.deactivate (c:\Users\habib\.vscode\extensions\mongodb.mongodb-vscode-1.12.0\dist\extension.js:35:1148652)
  	at PW.eb (file:///c:/Users/habib/AppData/Local/Programs/Microsoft%20VS%20Code/resources/app/out/vs/workbench/api/node/extensionHostProcess.js:116:11724)
  	at file:///c:/Users/habib/AppData/Local/Programs/Microsoft%20VS%20Code/resources/app/out/vs/workbench/api/node/extensionHostProcess.js:116:9874
  	at Array.map (<anonymous>)
  	at PW.$ (file:///c:/Users/habib/AppData/Local/Programs/Microsoft%20VS%20Code/resources/app/out/vs/workbench/api/node/extensionHostProcess.js:116:9862)
  	at PW.terminate (file:///c:/Users/habib/AppData/Local/Programs/Microsoft%20VS%20Code/resources/app/out/vs/workbench/api/node/extensionHostProcess.js:116:10105)
  	at wC.terminate (file:///c:/Users/habib/AppData/Local/Programs/Microsoft%20VS%20Code/resources/app/out/vs/workbench/api/node/extensionHostProcess.js:117:1434)
  	at ts (file:///c:/Users/habib/AppData/Local/Programs/Microsoft%20VS%20Code/resources/app/out/vs/workbench/api/node/extensionHostProcess.js:190:15080)
  	at MessagePortMain.<anonymous> (file:///c:/Users/habib/AppData/Local/Programs/Microsoft%20VS%20Code/resources/app/out/vs/workbench/api/node/extensionHostProcess.js:190:11628)
  	at MessagePortMain.emit (node:events:518:28)
  	at MessagePortMain._internalPort.emit (node:electron/js2c/utility_init:2:2949)]
]

2025-03-02 15:45:50.395 [info] 2025-03-02T09:45:50.395Z language server controller INFO  Deactivating the language server... []

2025-03-02 15:45:50.396 [info] 2025-03-02T09:45:50.395Z language server controller INFO  Deactivating the language server... []

