2025-03-06 00:13:43.464 [info] Reading sessions from keychain...
2025-03-06 00:13:43.464 [info] Getting sessions for all scopes...
2025-03-06 00:13:43.464 [info] Getting sessions for all scopes...
2025-03-06 00:13:43.464 [info] Getting sessions for all scopes...
2025-03-06 00:13:43.464 [info] Got 0 sessions for ...
2025-03-06 00:13:43.464 [info] Got 0 sessions for ...
2025-03-06 00:13:43.464 [info] Got 0 sessions for ...
2025-03-06 00:13:43.464 [info] Getting sessions for all scopes...
2025-03-06 00:13:43.464 [info] Got 0 sessions for ...
2025-03-06 00:13:43.464 [info] Getting sessions for all scopes...
2025-03-06 00:13:43.465 [info] Got 0 sessions for ...
2025-03-06 00:13:43.465 [info] Getting sessions for all scopes...
2025-03-06 00:13:43.465 [info] Got 0 sessions for ...
2025-03-06 00:13:43.465 [info] Getting sessions for all scopes...
2025-03-06 00:13:43.465 [info] Got 0 sessions for ...
2025-03-06 00:13:43.465 [info] Getting sessions for all scopes...
2025-03-06 00:13:43.465 [info] Got 0 sessions for ...
2025-03-06 00:13:43.465 [info] Getting sessions for all scopes...
2025-03-06 00:13:43.465 [info] Got 0 sessions for ...
2025-03-06 00:13:43.465 [info] Getting sessions for all scopes...
2025-03-06 00:13:43.465 [info] Got 0 sessions for ...
2025-03-06 00:13:45.130 [info] Getting sessions for read:user,repo,user:email...
2025-03-06 00:13:45.130 [info] Got 0 sessions for read:user,repo,user:email...
2025-03-06 00:13:45.368 [info] Getting sessions for read:user,repo,user:email...
2025-03-06 00:13:45.368 [info] Got 0 sessions for read:user,repo,user:email...
2025-03-06 00:13:45.516 [info] Getting sessions for read:user,repo,user:email,workflow...
2025-03-06 00:13:45.516 [info] Got 0 sessions for read:user,repo,user:email,workflow...
2025-03-06 04:10:15.969 [info] Getting sessions for read:user,repo,user:email,workflow...
2025-03-06 04:10:15.970 [info] Got 0 sessions for read:user,repo,user:email,workflow...
2025-03-06 05:33:41.770 [info] Reading sessions from keychain...
2025-03-06 05:33:41.770 [info] Getting sessions for all scopes...
2025-03-06 05:33:41.771 [info] Getting sessions for all scopes...
2025-03-06 05:33:41.771 [info] Getting sessions for all scopes...
2025-03-06 05:33:41.825 [info] Getting sessions for all scopes...
2025-03-06 05:33:41.825 [info] Getting sessions for all scopes...
2025-03-06 05:33:41.826 [info] Getting sessions for all scopes...
2025-03-06 05:33:41.826 [info] Getting sessions for all scopes...
2025-03-06 05:33:41.826 [info] Getting sessions for all scopes...
2025-03-06 05:33:41.834 [info] Got 0 sessions for ...
2025-03-06 05:33:41.834 [info] Got 0 sessions for ...
2025-03-06 05:33:41.834 [info] Got 0 sessions for ...
2025-03-06 05:33:41.834 [info] Got 0 sessions for ...
2025-03-06 05:33:41.834 [info] Got 0 sessions for ...
2025-03-06 05:33:41.834 [info] Got 0 sessions for ...
2025-03-06 05:33:41.834 [info] Got 0 sessions for ...
2025-03-06 05:33:41.834 [info] Got 0 sessions for ...
2025-03-06 05:33:42.327 [info] Getting sessions for read:user,repo,user:email...
2025-03-06 05:33:42.327 [info] Got 0 sessions for read:user,repo,user:email...
2025-03-06 05:33:43.278 [info] Getting sessions for all scopes...
2025-03-06 05:33:43.278 [info] Got 0 sessions for ...
2025-03-06 05:33:46.812 [info] Getting sessions for all scopes...
2025-03-06 05:33:46.812 [info] Got 0 sessions for ...
2025-03-06 12:43:11.112 [info] Reading sessions from keychain...
2025-03-06 12:43:11.112 [info] Getting sessions for all scopes...
2025-03-06 12:43:11.112 [info] Getting sessions for all scopes...
2025-03-06 12:43:11.112 [info] Getting sessions for all scopes...
2025-03-06 12:43:11.112 [info] Getting sessions for all scopes...
2025-03-06 12:43:11.112 [info] Getting sessions for all scopes...
2025-03-06 12:43:11.112 [info] Getting sessions for all scopes...
2025-03-06 12:43:11.112 [info] Getting sessions for all scopes...
2025-03-06 12:43:11.112 [info] Getting sessions for all scopes...
2025-03-06 12:43:11.112 [info] Getting sessions for all scopes...
2025-03-06 12:43:11.112 [info] Got 0 sessions for ...
2025-03-06 12:43:11.112 [info] Got 0 sessions for ...
2025-03-06 12:43:11.112 [info] Got 0 sessions for ...
2025-03-06 12:43:11.112 [info] Got 0 sessions for ...
2025-03-06 12:43:11.112 [info] Got 0 sessions for ...
2025-03-06 12:43:11.112 [info] Got 0 sessions for ...
2025-03-06 12:43:11.112 [info] Got 0 sessions for ...
2025-03-06 12:43:11.112 [info] Got 0 sessions for ...
2025-03-06 12:43:11.112 [info] Got 0 sessions for ...
2025-03-06 12:43:11.112 [info] Getting sessions for all scopes...
2025-03-06 12:43:11.112 [info] Got 0 sessions for ...
2025-03-06 12:43:13.639 [info] Getting sessions for read:user,repo,user:email...
2025-03-06 12:43:13.639 [info] Got 0 sessions for read:user,repo,user:email...
2025-03-06 12:43:14.620 [info] Getting sessions for read:user,repo,user:email...
2025-03-06 12:43:14.620 [info] Got 0 sessions for read:user,repo,user:email...
2025-03-06 12:43:15.009 [info] Getting sessions for read:user,repo,user:email,workflow...
2025-03-06 12:43:15.009 [info] Got 0 sessions for read:user,repo,user:email,workflow...
2025-03-06 16:47:23.018 [info] Getting sessions for read:user,repo,user:email...
2025-03-06 16:47:23.018 [info] Got 0 sessions for read:user,repo,user:email...
2025-03-07 00:51:14.409 [info] Getting sessions for read:user,repo,user:email...
2025-03-07 00:51:14.409 [info] Got 0 sessions for read:user,repo,user:email...
2025-03-07 01:44:42.954 [info] Getting sessions for read:user,repo,user:email...
2025-03-07 01:44:42.954 [info] Got 0 sessions for read:user,repo,user:email...
2025-03-07 03:11:06.021 [info] Getting sessions for read:user,repo,user:email...
2025-03-07 03:11:06.021 [info] Got 0 sessions for read:user,repo,user:email...
2025-03-07 06:31:03.723 [info] Getting sessions for read:user,repo,user:email...
2025-03-07 06:31:03.723 [info] Got 0 sessions for read:user,repo,user:email...
