2025-03-06 00:13:43.465 [info] Starting TS Server
2025-03-06 00:13:43.465 [info] Using tsserver from: c:\Users\habib\AppData\Local\Programs\Microsoft VS Code\resources\app\extensions\node_modules\typescript\lib\tsserver.js
2025-03-06 00:13:43.465 [info] <syntax> Forking...
2025-03-06 00:13:43.465 [info] <syntax> Starting...
2025-03-06 00:13:43.465 [info] <semantic> Forking...
2025-03-06 00:13:43.465 [info] <semantic> Starting...
2025-03-06 05:33:40.204 [error] TSServer exited. Code: null. Signal: SIGTERM
2025-03-06 05:33:40.204 [info] Starting TS Server
2025-03-06 05:33:40.204 [info] Not starting server: disposed
2025-03-06 05:34:37.804 [info] Starting TS Server
2025-03-06 05:34:37.804 [info] Using tsserver from: c:\Users\habib\AppData\Local\Programs\Microsoft VS Code\resources\app\extensions\node_modules\typescript\lib\tsserver.js
2025-03-06 05:34:37.804 [info] <syntax> Forking...
2025-03-06 05:34:37.804 [info] <syntax> Starting...
2025-03-06 05:34:37.804 [info] <semantic> Forking...
2025-03-06 05:34:37.804 [info] <semantic> Starting...
2025-03-06 12:43:14.501 [info] Starting TS Server
2025-03-06 12:43:14.501 [info] Using tsserver from: c:\Users\habib\AppData\Local\Programs\Microsoft VS Code\resources\app\extensions\node_modules\typescript\lib\tsserver.js
2025-03-06 12:43:14.501 [info] <syntax> Forking...
2025-03-06 12:43:14.501 [info] <syntax> Starting...
2025-03-06 12:43:14.501 [info] <semantic> Forking...
2025-03-06 12:43:14.501 [info] <semantic> Starting...
2025-03-07 06:48:34.573 [error] TSServer exited. Code: null. Signal: SIGTERM
2025-03-07 06:48:34.573 [info] Starting TS Server
2025-03-07 06:48:34.573 [info] Not starting server: disposed
