2025-03-06 05:24:32.256 [error] #436: https://main.vscode-cdn.net/extensions/marketplace.json - error GET net::ERR_NETWORK_IO_SUSPENDED
2025-03-06 12:42:26.145 [error] #528: https://main.vscode-cdn.net/extensions/marketplace.json - error GET net::ERR_NETWORK_IO_SUSPENDED
2025-03-06 12:42:29.903 [error] #529: https://mobile.events.data.microsoft.com/OneCollector/1.0?cors=true&content-type=application/x-json-stream - error POST net::ERR_INTERNET_DISCONNECTED
2025-03-06 12:42:32.605 [error] #530: https://mobile.events.data.microsoft.com/OneCollector/1.0?cors=true&content-type=application/x-json-stream - error POST net::ERR_INTERNET_DISCONNECTED
2025-03-06 13:16:00.454 [error] #575: https://mobile.events.data.microsoft.com/OneCollector/1.0?cors=true&content-type=application/x-json-stream - error POST net::ERR_INTERNET_DISCONNECTED
2025-03-06 13:16:15.745 [error] #576: https://mobile.events.data.microsoft.com/OneCollector/1.0?cors=true&content-type=application/x-json-stream - error POST net::ERR_INTERNET_DISCONNECTED
2025-03-06 13:17:06.637 [error] #577: https://mobile.events.data.microsoft.com/OneCollector/1.0?cors=true&content-type=application/x-json-stream - error POST net::ERR_INTERNET_DISCONNECTED
2025-03-06 13:17:21.548 [error] #578: https://mobile.events.data.microsoft.com/OneCollector/1.0?cors=true&content-type=application/x-json-stream - error POST net::ERR_INTERNET_DISCONNECTED
2025-03-06 13:18:30.637 [error] #579: https://main.vscode-cdn.net/extensions/marketplace.json - error GET Request timeout after 10000ms
2025-03-06 13:18:57.742 [error] #580: https://mobile.events.data.microsoft.com/OneCollector/1.0?cors=true&content-type=application/x-json-stream - error POST net::ERR_INTERNET_DISCONNECTED
2025-03-06 13:19:12.405 [error] #581: https://mobile.events.data.microsoft.com/OneCollector/1.0?cors=true&content-type=application/x-json-stream - error POST net::ERR_INTERNET_DISCONNECTED
2025-03-06 13:20:34.372 [error] #582: https://mobile.events.data.microsoft.com/OneCollector/1.0?cors=true&content-type=application/x-json-stream - error POST net::ERR_INTERNET_DISCONNECTED
2025-03-06 13:20:37.966 [error] #583: https://mobile.events.data.microsoft.com/OneCollector/1.0?cors=true&content-type=application/x-json-stream - error POST net::ERR_INTERNET_DISCONNECTED
2025-03-06 13:22:03.987 [error] #584: https://mobile.events.data.microsoft.com/OneCollector/1.0?cors=true&content-type=application/x-json-stream - error POST net::ERR_INTERNET_DISCONNECTED
2025-03-06 13:22:07.144 [error] #585: https://mobile.events.data.microsoft.com/OneCollector/1.0?cors=true&content-type=application/x-json-stream - error POST net::ERR_INTERNET_DISCONNECTED
2025-03-06 13:22:56.730 [error] #586: https://mobile.events.data.microsoft.com/OneCollector/1.0?cors=true&content-type=application/x-json-stream - error POST net::ERR_INTERNET_DISCONNECTED
2025-03-06 13:23:00.277 [error] #587: https://mobile.events.data.microsoft.com/OneCollector/1.0?cors=true&content-type=application/x-json-stream - error POST net::ERR_INTERNET_DISCONNECTED
2025-03-06 13:23:30.811 [error] #588: https://main.vscode-cdn.net/extensions/marketplace.json - error GET net::ERR_INTERNET_DISCONNECTED
2025-03-06 13:24:06.902 [error] #589: https://mobile.events.data.microsoft.com/OneCollector/1.0?cors=true&content-type=application/x-json-stream - error POST net::ERR_INTERNET_DISCONNECTED
2025-03-06 13:24:10.339 [error] #590: https://mobile.events.data.microsoft.com/OneCollector/1.0?cors=true&content-type=application/x-json-stream - error POST net::ERR_INTERNET_DISCONNECTED
2025-03-06 15:14:34.353 [error] #767: https://main.vscode-cdn.net/extensions/marketplace.json - error GET net::ERR_NETWORK_IO_SUSPENDED
2025-03-06 16:59:21.245 [error] #894: https://mobile.events.data.microsoft.com/OneCollector/1.0?cors=true&content-type=application/x-json-stream - error POST net::ERR_NETWORK_IO_SUSPENDED
2025-03-06 23:35:51.035 [error] #897: https://main.vscode-cdn.net/extensions/marketplace.json - error GET net::ERR_NETWORK_IO_SUSPENDED
2025-03-06 23:35:53.065 [error] #898: https://mobile.events.data.microsoft.com/OneCollector/1.0?cors=true&content-type=application/x-json-stream - error POST net::ERR_INTERNET_DISCONNECTED
2025-03-06 23:35:56.677 [error] #899: https://mobile.events.data.microsoft.com/OneCollector/1.0?cors=true&content-type=application/x-json-stream - error POST net::ERR_INTERNET_DISCONNECTED
2025-03-06 23:36:35.804 [error] #900: https://mobile.events.data.microsoft.com/OneCollector/1.0?cors=true&content-type=application/x-json-stream - error POST net::ERR_INTERNET_DISCONNECTED
2025-03-06 23:36:39.191 [error] #901: https://mobile.events.data.microsoft.com/OneCollector/1.0?cors=true&content-type=application/x-json-stream - error POST net::ERR_INTERNET_DISCONNECTED
2025-03-06 23:36:54.402 [error] #902: https://mobile.events.data.microsoft.com/OneCollector/1.0?cors=true&content-type=application/x-json-stream - error POST net::ERR_INTERNET_DISCONNECTED
2025-03-06 23:36:56.917 [error] #903: https://mobile.events.data.microsoft.com/OneCollector/1.0?cors=true&content-type=application/x-json-stream - error POST net::ERR_INTERNET_DISCONNECTED
2025-03-06 23:37:39.692 [error] #904: https://mobile.events.data.microsoft.com/OneCollector/1.0?cors=true&content-type=application/x-json-stream - error POST net::ERR_INTERNET_DISCONNECTED
2025-03-06 23:37:42.264 [error] #905: https://mobile.events.data.microsoft.com/OneCollector/1.0?cors=true&content-type=application/x-json-stream - error POST net::ERR_INTERNET_DISCONNECTED
