2025-03-06 00:13:40.053 [info] Revived process, old id caf2c5e0a4ac38053c75bec3f277e76b-1 -> new id 1
2025-03-06 00:13:40.054 [info] Revived process, old id caf2c5e0a4ac38053c75bec3f277e76b-2 -> new id 2
2025-03-06 00:13:40.164 [info] Expanding terminal instance, old id caf2c5e0a4ac38053c75bec3f277e76b-1 -> new id 1
2025-03-06 00:13:40.164 [info] Expanding terminal instance, old id caf2c5e0a4ac38053c75bec3f277e76b-2 -> new id 2
2025-03-06 00:13:41.292 [warning] Persistent process "1": Process had no disconnect runners but was an orphan
2025-03-06 00:13:41.292 [info] Persistent process reconnection "1"
2025-03-06 00:13:41.292 [warning] Persistent process "2": Process had no disconnect runners but was an orphan
2025-03-06 00:13:41.292 [info] Persistent process reconnection "2"
2025-03-06 00:13:41.542 [info] Persistent process "1": Replaying 11702 chars and 1 size events
2025-03-06 00:13:41.847 [info] Persistent process "2": Replaying 4719 chars and 1 size events
2025-03-06 12:43:07.478 [info] Revived process, old id caf2c5e0a4ac38053c75bec3f277e76b-1 -> new id 3
2025-03-06 12:43:07.478 [info] Revived process, old id caf2c5e0a4ac38053c75bec3f277e76b-2 -> new id 4
2025-03-06 12:43:07.648 [info] Expanding terminal instance, old id caf2c5e0a4ac38053c75bec3f277e76b-1 -> new id 3
2025-03-06 12:43:07.648 [info] Expanding terminal instance, old id caf2c5e0a4ac38053c75bec3f277e76b-2 -> new id 4
2025-03-06 12:43:08.541 [warning] Persistent process "3": Process had no disconnect runners but was an orphan
2025-03-06 12:43:08.541 [info] Persistent process reconnection "3"
2025-03-06 12:43:08.542 [warning] Persistent process "4": Process had no disconnect runners but was an orphan
2025-03-06 12:43:08.542 [info] Persistent process reconnection "4"
2025-03-06 12:43:08.766 [info] Persistent process "3": Replaying 5316 chars and 1 size events
2025-03-06 12:43:09.049 [info] Persistent process "4": Replaying 10590 chars and 1 size events
