2025-03-07 14:24:11.833 [info] 2025-03-07T08:24:11.016Z extension INFO  Activating extension... [
  {
    id: 'mongodb.mongodb-vscode',
    version: '1.12.0',
    mode: 'Production',
    kind: 'UI',
    extensionPath: 'c:\\Users\\habib\\.vscode\\extensions\\mongodb.mongodb-vscode-1.12.0',
    logPath: '/c:/Users/habib/Desktop/5th Sem/SE 505(SPL 2)/Project folder/SPL2_Elin/PATH_TO_SOME_FOLDER_WHERE_VSCODE_WILL_STORE_TMP_DATA/logs/20250307T142407/window1/exthost/mongodb.mongodb-vscode',
    workspaceStoragePath: '/C:/Users/habib/Desktop/5th Sem/SE 505(SPL 2)/Project folder/SPL2_Elin/PATH_TO_SOME_FOLDER_WHERE_VSCODE_WILL_STORE_TMP_DATA/User/workspaceStorage/caf2c5e0a4ac38053c75bec3f277e76b/mongodb.mongodb-vscode',
    globalStoragePath: '/C:/Users/habib/Desktop/5th Sem/SE 505(SPL 2)/Project folder/SPL2_Elin/PATH_TO_SOME_FOLDER_WHERE_VSCODE_WILL_STORE_TMP_DATA/User/globalStorage/mongodb.mongodb-vscode',
    defaultConnectionSavingLocation: 'Global',
    buildInfo: {
      nodeVersion: 'v20.18.2',
      runtimePlatform: 'win32',
      runtimeArch: 'x64'
    }
  }
]

2025-03-07 14:24:11.834 [info] 2025-03-07T08:24:11.020Z language server controller INFO  Creating MongoDB Language Server... [
  {
    extensionPath: 'c:\\Users\\habib\\.vscode\\extensions\\mongodb.mongodb-vscode-1.12.0',
    languageServer: {
      id: 'mongodbLanguageServer',
      name: 'MongoDB Language Server',
      path: 'c:\\Users\\habib\\.vscode\\extensions\\mongodb.mongodb-vscode-1.12.0\\dist\\languageServer.js',
      documentSelector: '[{"pattern":"**/*.mongodb.js"},{"pattern":"**/*.mongodb"}]'
    }
  }
]

2025-03-07 14:24:11.834 [info] 2025-03-07T08:24:11.031Z telemetry INFO  Segment analytics activated [ { anonymousId: '99df64d2-170c-4122-9604-88b3a4355c2e' } ]

2025-03-07 14:24:11.834 [info] 2025-03-07T08:24:11.032Z participant INFO  Chat participant created [ { participantId: 'mongodb.participant' } ]

2025-03-07 14:24:11.834 [info] 2025-03-07T08:24:11.369Z language server controller INFO  Starting the language server... []

2025-03-07 14:24:13.501 [info] 2025-03-07T08:24:13.500Z language server controller INFO  MongoDBService initialized. Sending default settings... {"extensionPath":"c:\\Users\\habib\\.vscode\\extensions\\mongodb.mongodb-vscode-1.12.0","connectionId":null,"hasConnectionString":false,"hasConnectionOptions":false} []

